<?xml version="1.0" encoding="UTF-8"?>
<!-- Generated by org.testng.reporters.JUnitReportReporter -->
<testsuite skipped="0" hostname="win8" name="Scripts.Testcase1" tests="1" failures="0" timestamp="17 Jul 2018 04:17:06 GMT" time="45.400" errors="0">
  <testcase name="Validlogin" time="45.400" classname="Scripts.Testcase1"/>
</testsuite> <!-- Scripts.Testcase1 -->
