<?xml version="1.0" encoding="UTF-8"?>
<!-- Generated by org.testng.reporters.JUnitReportReporter -->
<testsuite skipped="0" hostname="win8" name="Scripts.Testcase3" tests="1" failures="0" timestamp="17 Jul 2018 04:17:06 GMT" time="16.699" errors="0">
  <testcase name="invalidlogin" time="16.699" classname="Scripts.Testcase3"/>
</testsuite> <!-- Scripts.Testcase3 -->
